[    0.000000] Linux version 4.15.0-213-generic (buildd@lcy02-amd64-079) (gcc version 7.5.0 (Ubuntu 7.5.0-3ubuntu1~18.04)) #224-Ubuntu SMP Mon Jun 19 13:30:12 UTC 2023 (Ubuntu 4.15.0-213.224-generic 4.15.18)
[    0.000000] Command line: BOOT_IMAGE=/boot/vmlinuz-4.15.0-213-generic root=UUID=f685bb41-0e3b-40c4-89c1-eea0f0583525 ro console=tty1 console=ttyS0
[    0.000000] KERNEL supported cpus:
[    0.000000]   Intel GenuineIntel
[    0.000000]   AMD AuthenticAMD
[    0.000000]   Centaur CentaurHauls
[    0.000000] x86/fpu: Supporting XSAVE feature 0x001: 'x87 floating point registers'
[    0.000000] x86/fpu: Supporting XSAVE feature 0x002: 'SSE registers'
[    0.000000] x86/fpu: Supporting XSAVE feature 0x004: 'AVX registers'
[    0.000000] x86/fpu: xstate_offset[2]:  576, xstate_sizes[2]:  256
[    0.000000] x86/fpu: Enabled xstate features 0x7, context size is 832 bytes, using 'standard' format.
[    0.000000] e820: BIOS-provided physical RAM map:
[    0.000000] BIOS-e820: [mem 0x0000000000000000-0x000000000009fbff] usable
[    0.000000] BIOS-e820: [mem 0x000000000009fc00-0x000000000009ffff] reserved
[    0.000000] BIOS-e820: [mem 0x00000000000f0000-0x00000000000fffff] reserved
[    0.000000] BIOS-e820: [mem 0x0000000000100000-0x000000007ffeffff] usable
[    0.000000] BIOS-e820: [mem 0x000000007fff0000-0x000000007fffffff] ACPI data
[    0.000000] BIOS-e820: [mem 0x00000000fec00000-0x00000000fec00fff] reserved
[    0.000000] BIOS-e820: [mem 0x00000000fee00000-0x00000000fee00fff] reserved
[    0.000000] BIOS-e820: [mem 0x00000000fffc0000-0x00000000ffffffff] reserved
[    0.000000] NX (Execute Disable) protection: active
[    0.000000] SMBIOS 2.5 present.
[    0.000000] DMI: innotek GmbH VirtualBox/VirtualBox, BIOS VirtualBox 12/01/2006
[    0.000000] Hypervisor detected: KVM
[    0.000000] e820: last_pfn = 0x7fff0 max_arch_pfn = 0x400000000
[    0.000000] MTRR: Disabled
[    0.000000] x86/PAT: MTRRs disabled, skipping PAT initialization too.
[    0.000000] CPU MTRRs all blank - virtualized system.
[    0.000000] x86/PAT: Configuration [0-7]: WB  WT  UC- UC  WB  WT  UC- UC  
[    0.000000] found SMP MP-table at [mem 0x0009fff0-0x0009ffff]
[    0.000000] Scanning 1 areas for low memory corruption
[    0.000000] RAMDISK: [mem 0x35819000-0x36c03fff]
[    0.000000] ACPI: Early table checksum verification disabled
[    0.000000] ACPI: RSDP 0x00000000000E0000 000024 (v02 VBOX  )
[    0.000000] ACPI: XSDT 0x000000007FFF0030 00003C (v01 VBOX   VBOXXSDT 00000001 ASL  00000061)
[    0.000000] ACPI: FACP 0x000000007FFF00F0 0000F4 (v04 VBOX   VBOXFACP 00000001 ASL  00000061)
[    0.000000] ACPI: DSDT 0x000000007FFF0470 002325 (v02 VBOX   VBOXBIOS 00000002 INTL 20200925)
[    0.000000] ACPI: FACS 0x000000007FFF0200 000040
[    0.000000] ACPI: FACS 0x000000007FFF0200 000040
[    0.000000] ACPI: APIC 0x000000007FFF0240 00005C (v02 VBOX   VBOXAPIC 00000001 ASL  00000061)
[    0.000000] ACPI: SSDT 0x000000007FFF02A0 0001CC (v01 VBOX   VBOXCPUT 00000002 INTL 20200925)
[    0.000000] ACPI: Reserving FACP table memory at [mem 0x7fff00f0-0x7fff01e3]
[    0.000000] ACPI: Reserving DSDT table memory at [mem 0x7fff0470-0x7fff2794]
[    0.000000] ACPI: Reserving FACS table memory at [mem 0x7fff0200-0x7fff023f]
[    0.000000] ACPI: Reserving FACS table memory at [mem 0x7fff0200-0x7fff023f]
[    0.000000] ACPI: Reserving APIC table memory at [mem 0x7fff0240-0x7fff029b]
[    0.000000] ACPI: Reserving SSDT table memory at [mem 0x7fff02a0-0x7fff046b]
[    0.000000] No NUMA configuration found
[    0.000000] Faking a node at [mem 0x0000000000000000-0x000000007ffeffff]
[    0.000000] NODE_DATA(0) allocated [mem 0x7ffc5000-0x7ffeffff]
[    0.000000] kvm-clock: cpu 0, msr 0:7ff44001, primary cpu clock
[    0.000000] kvm-clock: Using msrs 4b564d01 and 4b564d00
[    0.000000] kvm-clock: using sched offset of 4260793584 cycles
[    0.000000] clocksource: kvm-clock: mask: 0xffffffffffffffff max_cycles: 0x1cd42e4dffb, max_idle_ns: 881590591483 ns
[    0.000000] Zone ranges:
[    0.000000]   DMA      [mem 0x0000000000001000-0x0000000000ffffff]
[    0.000000]   DMA32    [mem 0x0000000001000000-0x000000007ffeffff]
[    0.000000]   Normal   empty
[    0.000000]   Device   empty
[    0.000000] Movable zone start for each node
[    0.000000] Early memory node ranges
[    0.000000]   node   0: [mem 0x0000000000001000-0x000000000009efff]
[    0.000000]   node   0: [mem 0x0000000000100000-0x000000007ffeffff]
[    0.000000] Reserved but unavailable: 104 pages
[    0.000000] Initmem setup node 0 [mem 0x0000000000001000-0x000000007ffeffff]
[    0.000000] ACPI: PM-Timer IO Port: 0x4008
[    0.000000] IOAPIC[0]: apic_id 2, version 32, address 0xfec00000, GSI 0-23
[    0.000000] ACPI: INT_SRC_OVR (bus 0 bus_irq 0 global_irq 2 dfl dfl)
[    0.000000] ACPI: INT_SRC_OVR (bus 0 bus_irq 9 global_irq 9 low level)
[    0.000000] Using ACPI (MADT) for SMP configuration information
[    0.000000] smpboot: Allowing 2 CPUs, 0 hotplug CPUs
[    0.000000] PM: Registered nosave memory: [mem 0x00000000-0x00000fff]
[    0.000000] PM: Registered nosave memory: [mem 0x0009f000-0x0009ffff]
[    0.000000] PM: Registered nosave memory: [mem 0x000a0000-0x000effff]
[    0.000000] PM: Registered nosave memory: [mem 0x000f0000-0x000fffff]
[    0.000000] e820: [mem 0x80000000-0xfebfffff] available for PCI devices
[    0.000000] Booting paravirtualized kernel on KVM
[    0.000000] clocksource: refined-jiffies: mask: 0xffffffff max_cycles: 0xffffffff, max_idle_ns: 7645519600211568 ns
[    0.000000] setup_percpu: NR_CPUS:8192 nr_cpumask_bits:2 nr_cpu_ids:2 nr_node_ids:1
[    0.000000] percpu: Embedded 50 pages/cpu s167936 r8192 d28672 u1048576
[    0.000000] PV qspinlock hash table entries: 256 (order: 0, 4096 bytes)
[    0.000000] Built 1 zonelists, mobility grouping on.  Total pages: 515961
[    0.000000] Policy zone: DMA32
[    0.000000] Kernel command line: BOOT_IMAGE=/boot/vmlinuz-4.15.0-213-generic root=UUID=f685bb41-0e3b-40c4-89c1-eea0f0583525 ro console=tty1 console=ttyS0
[    0.000000] Memory: 2013968K/2096696K available (12300K kernel code, 2477K rwdata, 4324K rodata, 2480K init, 2720K bss, 82728K reserved, 0K cma-reserved)
[    0.000000] SLUB: HWalign=64, Order=0-3, MinObjects=0, CPUs=2, Nodes=1
[    0.000000] Kernel/User page tables isolation: enabled
[    0.000000] ftrace: allocating 39508 entries in 155 pages
[    0.004000] Hierarchical RCU implementation.
[    0.004000] 	RCU restricting CPUs from NR_CPUS=8192 to nr_cpu_ids=2.
[    0.004000] 	Tasks RCU enabled.
[    0.004000] RCU: Adjusting geometry for rcu_fanout_leaf=16, nr_cpu_ids=2
[    0.004000] NR_IRQS: 524544, nr_irqs: 440, preallocated irqs: 16
[    0.004000] random: crng init done
[    0.004000] Console: colour VGA+ 80x25
[    0.004000] console [tty1] enabled
[    0.004000] console [ttyS0] enabled
[    0.004000] ACPI: Core revision 20170831
[    0.004000] ACPI: 2 ACPI AML tables successfully acquired and loaded
[    0.004000] APIC: Switch to symmetric I/O mode setup
[    0.004000] x2apic enabled
[    0.004000] Switched APIC routing to physical x2apic.
[    0.005230] ..TIMER: vector=0x30 apic1=0 pin1=2 apic2=-1 pin2=-1
[    0.008006] tsc: Detected 2194.918 MHz processor
[    0.012015] Calibrating delay loop (skipped) preset value.. 4389.83 BogoMIPS (lpj=8779672)
[    0.014204] pid_max: default: 32768 minimum: 301
[    0.015417] Security Framework initialized
[    0.016005] Yama: becoming mindful.
[    0.016961] AppArmor: AppArmor initialized
[    0.020293] Dentry cache hash table entries: 262144 (order: 9, 2097152 bytes)
[    0.023341] Inode-cache hash table entries: 131072 (order: 8, 1048576 bytes)
[    0.024026] Mount-cache hash table entries: 4096 (order: 3, 32768 bytes)
[    0.025614] Mountpoint-cache hash table entries: 4096 (order: 3, 32768 bytes)
[    0.028317] Last level iTLB entries: 4KB 64, 2MB 8, 4MB 8
[    0.029677] Last level dTLB entries: 4KB 64, 2MB 0, 4MB 0, 1GB 4
[    0.031144] Spectre V1 : Mitigation: usercopy/swapgs barriers and __user pointer sanitization
[    0.032006] Spectre V2 : Mitigation: Retpolines
[    0.033759] Spectre V2 : Spectre v2 / SpectreRSB mitigation: Filling RSB on context switch
[    0.036005] Spectre V2 : Spectre v2 / SpectreRSB : Filling RSB on VMEXIT
[    0.037612] Speculative Store Bypass: Vulnerable
[    0.040059] MDS: Mitigation: Clear CPU buffers
[    0.041162] MMIO Stale Data: Unknown: No mitigations
[    0.042375] SRBDS: Unknown: Dependent on hypervisor status
[    0.044182] Freeing SMP alternatives memory: 36K
[    0.156553] smpboot: CPU0: Intel(R) Core(TM) i5-5200U CPU @ 2.20GHz (family: 0x6, model: 0x3d, stepping: 0x4)
[    0.159001] Performance Events: unsupported p6 CPU model 61 no PMU driver, software events only.
[    0.160047] Hierarchical SRCU implementation.
[    0.161784] NMI watchdog: Perf event create on CPU 0 failed with -2
[    0.163340] NMI watchdog: Perf NMI watchdog permanently disabled
[    0.164067] smp: Bringing up secondary CPUs ...
[    0.165305] x86: Booting SMP configuration:
[    0.166382] .... node  #0, CPUs:      #1
[    0.004000] kvm-clock: cpu 1, msr 0:7ff44041, secondary cpu clock
[    0.175420] smp: Brought up 1 node, 2 CPUs
[    0.176007] smpboot: Max logical packages: 1
[    0.176845] smpboot: Total of 2 processors activated (8779.67 BogoMIPS)
[    0.178289] devtmpfs: initialized
[    0.178289] x86/mm: Memory block size: 128MB
[    0.180241] evm: security.selinux
[    0.180981] evm: security.SMACK64
[    0.181677] evm: security.SMACK64EXEC
[    0.182467] evm: security.SMACK64TRANSMUTE
[    0.184004] evm: security.SMACK64MMAP
[    0.184786] evm: security.apparmor
[    0.185543] evm: security.ima
[    0.186236] evm: security.capability
[    0.187089] clocksource: jiffies: mask: 0xffffffff max_cycles: 0xffffffff, max_idle_ns: 7645041785100000 ns
[    0.188017] futex hash table entries: 512 (order: 3, 32768 bytes)
[    0.189272] pinctrl core: initialized pinctrl subsystem
[    0.192045] RTC time: 20:37:50, date: 07/20/23
[    0.193072] NET: Registered protocol family 16
[    0.194114] audit: initializing netlink subsys (disabled)
[    0.195229] audit: type=2000 audit(1689885476.275:1): state=initialized audit_enabled=0 res=1
[    0.196016] cpuidle: using governor ladder
[    0.196864] cpuidle: using governor menu
[    0.197746] ACPI: bus type PCI registered
[    0.198645] acpiphp: ACPI Hot Plug PCI Controller Driver version: 0.5
[    0.200107] PCI: Using configuration type 1 for base access
[    0.204065] HugeTLB registered 2.00 MiB page size, pre-allocated 0 pages
[    0.205389] ACPI: Added _OSI(Module Device)
[    0.205389] ACPI: Added _OSI(Processor Device)
[    0.208006] ACPI: Added _OSI(3.0 _SCP Extensions)
[    0.209209] ACPI: Added _OSI(Processor Aggregator Device)
[    0.210528] ACPI: Added _OSI(Linux-Dell-Video)
[    0.212017] ACPI: Added _OSI(Linux-Lenovo-NV-HDMI-Audio)
[    0.216009] ACPI: Added _OSI(Linux-HPI-Hybrid-Graphics)
[    0.217835] ACPI: Executed 1 blocks of module-level executable AML code
[    0.224995] ACPI: Interpreter enabled
[    0.226000] ACPI: (supports S0 S5)
[    0.226961] ACPI: Using IOAPIC for interrupt routing
[    0.228283] PCI: Using host bridge windows from ACPI; if necessary, use "pci=nocrs" and report a bug
[    0.230651] ACPI: Enabled 2 GPEs in block 00 to 07
[    0.239492] ACPI: PCI Root Bridge [PCI0] (domain 0000 [bus 00-ff])
[    0.240020] acpi PNP0A03:00: _OSC: OS supports [ASPM ClockPM Segments MSI]
[    0.244050] acpi PNP0A03:00: _OSC: not requesting OS control; OS requires [ExtendedConfig ASPM ClockPM MSI]
[    0.248033] acpi PNP0A03:00: fail to add MMCONFIG information, can't access extended PCI configuration space under this bridge.
[    0.252753] PCI host bridge to bus 0000:00
[    0.256014] pci_bus 0000:00: root bus resource [io  0x0000-0x0cf7 window]
[    0.257813] pci_bus 0000:00: root bus resource [io  0x0d00-0xffff window]
[    0.264020] pci_bus 0000:00: root bus resource [mem 0x000a0000-0x000bffff window]
[    0.268026] pci_bus 0000:00: root bus resource [mem 0x80000000-0xfdffffff window]
[    0.272012] pci_bus 0000:00: root bus resource [bus 00-ff]
[    0.288158] pci 0000:00:01.1: legacy IDE quirk: reg 0x10: [io  0x01f0-0x01f7]
[    0.292009] pci 0000:00:01.1: legacy IDE quirk: reg 0x14: [io  0x03f6]
[    0.293920] pci 0000:00:01.1: legacy IDE quirk: reg 0x18: [io  0x0170-0x0177]
[    0.296010] pci 0000:00:01.1: legacy IDE quirk: reg 0x1c: [io  0x0376]
[    0.361849] pci 0000:00:07.0: quirk: [io  0x4000-0x403f] claimed by PIIX4 ACPI
[    0.363418] pci 0000:00:07.0: quirk: [io  0x4100-0x410f] claimed by PIIX4 SMB
[    0.384806] ACPI: PCI Interrupt Link [LNKA] (IRQs 5 9 10 *11)
[    0.386382] ACPI: PCI Interrupt Link [LNKB] (IRQs 5 9 *10 11)
[    0.387658] ACPI: PCI Interrupt Link [LNKC] (IRQs 5 *9 10 11)
[    0.388128] ACPI: PCI Interrupt Link [LNKD] (IRQs 5 9 10 *11)
[    0.389710] SCSI subsystem initialized
[    0.390530] pci 0000:00:02.0: vgaarb: setting as boot VGA device
[    0.390530] pci 0000:00:02.0: vgaarb: VGA device added: decodes=io+mem,owns=io+mem,locks=none
[    0.392007] pci 0000:00:02.0: vgaarb: bridge control possible
[    0.393019] vgaarb: loaded
[    0.393677] ACPI: bus type USB registered
[    0.396031] usbcore: registered new interface driver usbfs
[    0.397057] usbcore: registered new interface driver hub
[    0.398359] usbcore: registered new device driver usb
[    0.400085] EDAC MC: Ver: 3.0.0
[    0.400951] PCI: Using ACPI for IRQ routing
[    0.401145] NetLabel: Initializing
[    0.402375] NetLabel:  domain hash size = 128
[    0.404005] NetLabel:  protocols = UNLABELED CIPSOv4 CALIPSO
[    0.405137] NetLabel:  unlabeled traffic allowed by default
[    0.406147] clocksource: Switched to clocksource kvm-clock
[    0.419679] VFS: Disk quotas dquot_6.6.0
[    0.420800] VFS: Dquot-cache hash table entries: 512 (order 0, 4096 bytes)
[    0.422581] AppArmor: AppArmor Filesystem Enabled
[    0.423750] pnp: PnP ACPI init
[    0.426313] pnp: PnP ACPI: found 3 devices
[    0.437470] clocksource: acpi_pm: mask: 0xffffff max_cycles: 0xffffff, max_idle_ns: 2085701024 ns
[    0.439417] NET: Registered protocol family 2
[    0.440329] IP idents hash table entries: 32768 (order: 6, 262144 bytes)
[    0.441871] TCP established hash table entries: 16384 (order: 5, 131072 bytes)
[    0.443342] TCP bind hash table entries: 16384 (order: 6, 262144 bytes)
[    0.445481] TCP: Hash tables configured (established 16384 bind 16384)
[    0.446753] UDP hash table entries: 1024 (order: 3, 32768 bytes)
[    0.447898] UDP-Lite hash table entries: 1024 (order: 3, 32768 bytes)
[    0.449232] NET: Registered protocol family 1
[    0.450035] pci 0000:00:00.0: Limiting direct PCI/PCI transfers
[    0.451092] pci 0000:00:01.0: Activating ISA DMA hang workarounds
[    0.452227] pci 0000:00:02.0: Video device with shadowed ROM at [mem 0x000c0000-0x000dffff]
[    0.453937] Unpacking initramfs...
[    0.825199] Freeing initrd memory: 20396K
[    0.826359] clocksource: tsc: mask: 0xffffffffffffffff max_cycles: 0x1fa37202099, max_idle_ns: 440795206796 ns
[    0.828962] platform rtc_cmos: registered platform RTC device (no PNP device found)
[    0.830916] Scanning for low memory corruption every 60 seconds
[    0.833850] Initialise system trusted keyrings
[    0.834801] Key type blacklist registered
[    0.835675] workingset: timestamp_bits=36 max_order=19 bucket_order=0
[    0.837913] zbud: loaded
[    0.839111] squashfs: version 4.0 (2009/01/31) Phillip Lougher
[    0.840723] fuse init (API version 7.26)
[    0.845042] Key type asymmetric registered
[    0.846356] Asymmetric key parser 'x509' registered
[    0.847619] Block layer SCSI generic (bsg) driver version 0.4 loaded (major 246)
[    0.849575] io scheduler noop registered
[    0.850510] io scheduler deadline registered
[    0.851567] io scheduler cfq registered (default)
[    0.853101] ACPI: AC Adapter [AC] (on-line)
[    0.854151] input: Power Button as /devices/LNXSYSTM:00/LNXPWRBN:00/input/input0
[    0.855965] ACPI: Power Button [PWRF]
[    0.857028] input: Sleep Button as /devices/LNXSYSTM:00/LNXSLPBN:00/input/input1
[    0.858708] ACPI: Sleep Button [SLPF]
[    0.860765] ACPI: Battery Slot [BAT0] (battery present)
[    0.862218] Serial: 8250/16550 driver, 32 ports, IRQ sharing enabled
[    0.884650] 00:02: ttyS0 at I/O 0x3f8 (irq = 4, base_baud = 115200) is a 16550A
[    0.889779] Linux agpgart interface v0.103
[    0.892637] loop: module loaded
[    0.894424] scsi host0: ata_piix
[    0.895650] scsi host1: ata_piix
[    0.896629] ata1: PATA max UDMA/33 cmd 0x1f0 ctl 0x3f6 bmdma 0xd000 irq 14
[    0.898363] ata2: PATA max UDMA/33 cmd 0x170 ctl 0x376 bmdma 0xd008 irq 15
[    0.900293] tun: Universal TUN/TAP device driver, 1.6
[    0.901975] PPP generic driver version 2.4.2
[    0.903829] ehci_hcd: USB 2.0 'Enhanced' Host Controller (EHCI) Driver
[    0.905749] ehci-pci: EHCI PCI platform driver
[    0.907206] ehci-platform: EHCI generic platform driver
[    0.908889] ohci_hcd: USB 1.1 'Open' Host Controller (OHCI) Driver
[    0.910688] ohci-pci: OHCI PCI platform driver
[    0.912148] ohci-platform: OHCI generic platform driver
[    0.913641] uhci_hcd: USB Universal Host Controller Interface driver
[    0.915512] i8042: PNP: PS/2 Controller [PNP0303:PS2K,PNP0f03:PS2M] at 0x60,0x64 irq 1,12
[    0.918518] serio: i8042 KBD port at 0x60,0x64 irq 1
[    0.919885] serio: i8042 AUX port at 0x60,0x64 irq 12
[    0.921698] mousedev: PS/2 mouse device common for all mice
[    0.924244] input: AT Translated Set 2 keyboard as /devices/platform/i8042/serio0/input/input2
[    0.926873] rtc_cmos rtc_cmos: rtc core: registered rtc_cmos as rtc0
[    0.928732] rtc_cmos rtc_cmos: alarms up to one day, 114 bytes nvram
[    0.930271] i2c /dev entries driver
[    0.931264] device-mapper: uevent: version 1.0.3
[    0.933129] device-mapper: ioctl: 4.37.0-ioctl (2017-09-20) initialised: dm-devel@redhat.com
[    0.935836] ledtrig-cpu: registered to indicate activity on CPUs
[    0.938498] NET: Registered protocol family 10
[    0.946419] Segment Routing with IPv6
[    0.947731] NET: Registered protocol family 17
[    0.949308] Key type dns_resolver registered
[    0.950953] mce: Using 0 MCE banks
[    0.952160] RAS: Correctable Errors collector initialized.
[    0.953233] sched_clock: Marking stable (952125702, 0)->(1283552032, -331426330)
[    0.955944] registered taskstats version 1
[    0.957282] Loading compiled-in X.509 certificates
[    0.963034] Loaded X.509 cert 'Build time autogenerated kernel key: cdc7189136aaa35407544516090e2034d9c28e14'
[    0.966726] Loaded X.509 cert 'Canonical Ltd. Live Patch Signing: 14df34d1a87cf37625abec039ef2bf521249b969'
[    0.970319] Loaded X.509 cert 'Canonical Ltd. Kernel Module Signing: 88f752e560a1e0737e31163a466ad7b70a850c19'
[    0.973515] blacklist: Loading compiled-in revocation X.509 certificates
[    0.975451] Loaded X.509 cert 'Canonical Ltd. Secure Boot Signing: 61482aa2830d0ab2ad5af10b7250da9033ddcef0'
[    0.977882] Loaded X.509 cert 'Canonical Ltd. Secure Boot Signing (2017): 242ade75ac4a15e50d50c84b0d45ff3eae707a03'
[    0.980275] Loaded X.509 cert 'Canonical Ltd. Secure Boot Signing (ESM 2018): 365188c1d374d6b07c3c8f240f8ef722433d6a8b'
[    0.982694] Loaded X.509 cert 'Canonical Ltd. Secure Boot Signing (2019): c0746fd6c5da3ae827864651ad66ae47fe24b3e8'
[    0.985282] Loaded X.509 cert 'Canonical Ltd. Secure Boot Signing (2021 v1): a8d54bbb3825cfb94fa13c9f8a594a195c107b8d'
[    0.988449] Loaded X.509 cert 'Canonical Ltd. Secure Boot Signing (2021 v2): 4cf046892d6fd3c9a5b03f98d845f90851dc6a8c'
[    0.993334] Loaded X.509 cert 'Canonical Ltd. Secure Boot Signing (2021 v3): 100437bb6de6e469b581e61cd66bce3ef4ed53af'
[    0.996780] Loaded X.509 cert 'Canonical Ltd. Secure Boot Signing (Ubuntu Core 2019): c1d57b8f6b743f23ee41f4f7ee292f06eecadfb9'
[    1.000350] zswap: loaded using pool lzo/zbud
[    1.007500] Key type big_key registered
[    1.008415] Key type trusted registered
[    1.011236] Key type encrypted registered
[    1.012341] AppArmor: AppArmor sha1 policy hashing enabled
[    1.013639] ima: No TPM chip found, activating TPM-bypass! (rc=-19)
[    1.015118] ima: Allocated hash algorithm: sha1
[    1.016264] evm: HMAC attrs: 0x1
[    1.017394]   Magic number: 15:213:650
[    1.018382] tty ttyprintk: hash matches
[    1.019494] rtc_cmos rtc_cmos: setting system clock to 2023-07-20 20:37:51 UTC (1689885471)
[    1.021915] BIOS EDD facility v0.16 2004-Jun-25, 0 devices found
[    1.023324] EDD information not available.
[    1.088882] Freeing unused kernel image memory: 2480K
[    1.100100] Write protecting the kernel read-only data: 20480k
[    1.102209] Freeing unused kernel image memory: 2008K
[    1.104054] Freeing unused kernel image memory: 1820K
[    1.112944] x86/mm: Checked W+X mappings: passed, no W+X pages found.
[    1.114486] x86/mm: Checking user space page tables
[    1.122890] x86/mm: Checked W+X mappings: passed, no W+X pages found.
Loading, please wait...
starting version 237
[    1.211973] e1000: Intel(R) PRO/1000 Network Driver - version 7.3.21-k8-NAPI
[    1.213865] e1000: Copyright (c) 1999-2006 Intel Corporation.
[    1.223689] Fusion MPT base driver 3.04.20
[    1.224839] Copyright (c) 1999-2008 LSI Corporation
[    1.255020] Fusion MPT SPI Host driver 3.04.20
[    1.266279] AVX2 version of gcm_enc/dec engaged.
[    1.267584] AES CTR mode by8 optimization enabled
[    1.436577] input: ImExPS/2 Generic Explorer Mouse as /devices/platform/i8042/serio1/input/input4
[    1.657783] e1000 0000:00:03.0 eth0: (PCI:33MHz:32-bit) 02:3b:7b:b7:3b:2d
[    1.664939] e1000 0000:00:03.0 eth0: Intel(R) PRO/1000 Network Connection
[    1.683193] mptbase: ioc0: Initiating bringup
[    1.776367] ioc0: LSI53C1030 A0: Capabilities={Initiator}
[    2.029707] scsi host2: ioc0: LSI53C1030 A0, FwRev=00000000h, Ports=1, MaxQ=256, IRQ=20
[    2.202034] scsi 2:0:0:0: Direct-Access     VBOX     HARDDISK         1.0  PQ: 0 ANSI: 5
[    2.290471] scsi target2:0:0: Beginning Domain Validation
[    2.332089] scsi target2:0:0: Domain Validation skipping write tests
[    2.333658] scsi target2:0:0: Ending Domain Validation
[    2.335013] scsi target2:0:0: asynchronous
[    2.336636] scsi 2:0:1:0: Direct-Access     VBOX     HARDDISK         1.0  PQ: 0 ANSI: 5
[    2.588111] scsi target2:0:1: Beginning Domain Validation
[    2.592201] scsi target2:0:1: Domain Validation skipping write tests
[    2.593766] scsi target2:0:1: Ending Domain Validation
[    2.595257] scsi target2:0:1: asynchronous
[    2.601430] sd 2:0:0:0: Attached scsi generic sg0 type 0
[    2.603368] sd 2:0:0:0: [sda] 83886080 512-byte logical blocks: (42.9 GB/40.0 GiB)
[    2.605285] sd 2:0:0:0: [sda] Write Protect is off
[    2.606623] sd 2:0:0:0: [sda] Incomplete mode parameter data
[    2.607916] sd 2:0:0:0: [sda] Assuming drive cache: write through
[    2.608329] sd 2:0:1:0: Attached scsi generic sg1 type 0
[    2.610856] sd 2:0:1:0: [sdb] 20480 512-byte logical blocks: (10.5 MB/10.0 MiB)
[    2.614026] sd 2:0:1:0: [sdb] Write Protect is off
[    2.615582] sd 2:0:1:0: [sdb] Incomplete mode parameter data
[    2.619792] sd 2:0:1:0: [sdb] Assuming drive cache: write through
[    2.628741]  sda: sda1
[    2.635821] e1000 0000:00:08.0 eth1: (PCI:33MHz:32-bit) 08:00:27:00:04:70
[    2.647432] e1000 0000:00:08.0 eth1: Intel(R) PRO/1000 Network Connection
[    2.648485] sd 2:0:0:0: [sda] Attached SCSI disk
[    2.679038] sd 2:0:1:0: [sdb] Attached SCSI disk
[    2.697029] e1000 0000:00:03.0 enp0s3: renamed from eth0
[    2.762892] e1000 0000:00:08.0 enp0s8: renamed from eth1
Begin: Loading essential drivers ... [    4.340678] raid6: sse2x1   gen()  8342 MB/s
[    4.400205] raid6: sse2x1   xor()  7043 MB/s
[    4.448205] raid6: sse2x2   gen()  6920 MB/s
[    4.496146] raid6: sse2x2   xor()  4191 MB/s
[    4.545745] raid6: sse2x4   gen() 12015 MB/s
[    4.596509] raid6: sse2x4   xor()  7382 MB/s
[    4.644327] raid6: avx2x1   gen() 15681 MB/s
[    4.692168] raid6: avx2x1   xor()  6762 MB/s
[    4.740148] raid6: avx2x2   gen() 12278 MB/s
[    4.788326] raid6: avx2x2   xor()  6518 MB/s
[    4.843885] raid6: avx2x4   gen() 19779 MB/s
[    4.900098] raid6: avx2x4   xor() 14455 MB/s
[    4.901086] raid6: using algorithm avx2x4 gen() 19779 MB/s
[    4.902038] raid6: .... xor() 14455 MB/s, rmw enabled
[    4.902998] raid6: using avx2x2 recovery algorithm
[    4.905532] xor: automatically using best checksumming function   avx       
[    4.909093] async_tx: api initialized (async)
done.
Begin: Running /scripts/init-premount ... done.
Begin: Mounting root file system ... Begin: Running /scripts/local-top ... done.
Begin: Running /scripts/local-premount ... [    4.967220] Btrfs loaded, crc32c=crc32c-intel
Scanning for Btrfs filesystems
done.
Begin: Will now check root file system ... fsck from util-linux 2.31.1
[/sbin/fsck.ext4 (1) -- /dev/sda1] fsck.ext4 -a -C0 /dev/sda1 
cloudimg-rootfs: clean, 118917/5120000 files, 873374/10485499 blocks
done.
[    5.584771] EXT4-fs (sda1): mounted filesystem with ordered data mode. Opts: (null)
done.
Begin: Running /scripts/local-bottom ... done.
Begin: Running /scripts/init-bottom ... done.
[   10.594751] ip_tables: (C) 2000-2006 Netfilter Core Team
[   10.974375] systemd[1]: systemd 237 running in system mode. (+PAM +AUDIT +SELINUX +IMA +APPARMOR +SMACK +SYSVINIT +UTMP +LIBCRYPTSETUP +GCRYPT +GNUTLS +ACL +XZ +LZ4 +SECCOMP +BLKID +ELFUTILS +KMOD -IDN2 +IDN -PCRE2 default-hierarchy=hybrid)
[   10.980021] systemd[1]: Detected virtualization oracle.
[   10.981405] systemd[1]: Detected architecture x86-64.

Welcome to [1mUbuntu 18.04.6 LTS[0m!

[   11.058560] systemd[1]: Set hostname to <VM2>.
[   16.339480] systemd[1]: Reached target User and Group Name Lookups.
[[0;32m  OK  [0m] Reached target User and Group Name Lookups.
[   16.349442] systemd[1]: Created slice User and Session Slice.
[[0;32m  OK  [0m] Created slice User and Session Slice.
[   16.360445] systemd[1]: Reached target Swap.
[[0;32m  OK  [0m] Reached target Swap.
[   16.367269] systemd[1]: Reached target System Time Synchronized.
[[0;32m  OK  [0m] Reached target System Time Synchronized.
[   16.380797] systemd[1]: Created slice System Slice.
[[0;32m  OK  [0m] Created slice System Slice.
[   16.385630] systemd[1]: Listening on udev Control Socket.
[[0;32m  OK  [0m] Listening on udev Control Socket.
[   16.390904] systemd[1]: Listening on Journal Socket.
[[0;32m  OK  [0m] Listening on Journal Socket.
[   16.394661] systemd[1]: Listening on fsck to fsckd communication Socket.
[[0;32m  OK  [0m] Listening on fsck to fsckd communication Socket.
[   16.400300] systemd[1]: Mounting POSIX Message Queue File System...
         Mounting POSIX Message Queue File System...
[   16.416719] systemd[1]: Listening on Journal Socket (/dev/log).
[[0;32m  OK  [0m] Listening on Journal Socket (/dev/log).
[[0;32m  OK  [0m] Listening on udev Kernel Socket.
[[0;32m  OK  [0m] Created slice system-serial\x2dgetty.slice.
         Starting Remount Root and Kernel File Systems...
[[0;32m  OK  [0m] Set up automount Arbitrary Executab…rmats File System Automount Point.
[[0;32m  OK  [0m] Listening on LVM2 metadata daemon socket.
[[0;32m  OK  [0m] Listening on Syslog Socket.
[[0;32m  OK  [0m] Listening on Journal Audit Socket.
         Starting Journal Service...
         Mounting Huge Pages File System...
         Starting udev Coldplug all Devices...
[[0;32m  OK  [0m] Listening on LVM2 poll daemon socket.
[[0;32m  OK  [0m] Reached target Mounting snaps.
[[0;32m  OK  [0m] Started Forward Password Requests to Wall Directory Watch.
         Mounting Kernel Debug File System...
[[0;32m  OK  [0m] Listening on Device-mapper event daemon FIFOs.
         Starting Monitoring of LVM2 mirrors…ng dmeventd or progress polling...
[[0;32m  OK  [0m] Listening on Network Service Netlink Socket.
         Starting Create list of required st…ce nodes for the current kernel...
[[0;32m  OK  [0m] Reached target Slices.
[[0;32m  OK  [0m] Reached target Mounted snaps.
[[0;32m  OK  [0m] Listening on /dev/initctl Compatibility Named Pipe.
         Starting Load Kernel Modules...
         Starting Set the console keyboard layout...
         Starting Uncomplicated firewall...
[[0;32m  OK  [0m] Started Journal Service.
[[0;32m  OK  [0m] Mounted POSIX Message Queue File System.
[[0;32m  OK  [0m] Mounted Huge Pages File System.
[[0;32m  OK  [0m] Mounted Kernel Debug File System.
[[0;32m  OK  [0m] Started udev Coldplug all Devices.
[   16.796171] EXT4-fs (sda1): re-mounted. Opts: (null)
[[0;32m  OK  [0m] Started Remount Root and Kernel File Systems.
         Starting Flush Journal to Persistent Storage...
         Starting Load/Save Random Seed...
[[0;32m  OK  [0m] Started Uncomplicated firewall.
[   17.951471] Loading iSCSI transport class v2.0-870.
[   18.132048] systemd-journald[419]: Received request to flush runtime journal from PID 1
[[0;32m  OK  [0m] Started Create list of required sta…vice nodes for the current kernel.
         Starting Create Static Device Nodes in /dev...
[   18.277457] iscsi: registered transport (tcp)
[[0;32m  OK  [0m] Started Load/Save Random Seed.
[[0;32m  OK  [0m] Started Set the console keyboard layout.
[   19.168246] iscsi: registered transport (iser)
[[0;32m  OK  [0m] Started Load Kernel Modules.
         Starting Apply Kernel Variables...
         Mounting Kernel Configuration File System...
         Mounting FUSE Control File System...
[[0;32m  OK  [0m] Mounted Kernel Configuration File System.
[[0;32m  OK  [0m] Mounted FUSE Control File System.
[[0;32m  OK  [0m] Started LVM2 metadata daemon.
[[0;32m  OK  [0m] Started Apply Kernel Variables.
[[0;32m  OK  [0m] Started Monitoring of LVM2 mirrors,…sing dmeventd or progress polling.
[[0;32m  OK  [0m] Started Create Static Device Nodes in /dev.
         Starting udev Kernel Device Manager...
[[0;32m  OK  [0m] Reached target Local File Systems (Pre).
[[0;32m  OK  [0m] Reached target Local File Systems.
         Starting Tell Plymouth To Write Out Runtime Data...
         Starting ebtables ruleset management...
         Starting Set console font and keymap...
         Starting AppArmor initialization...
[[0;32m  OK  [0m] Started Set console font and keymap.
[[0;32m  OK  [0m] Started Tell Plymouth To Write Out Runtime Data.
[[0;32m  OK  [0m] Started ebtables ruleset management.
[[0;32m  OK  [0m] Started udev Kernel Device Manager.
[[0;32m  OK  [0m] Started Dispatch Password Requests to Console Directory Watch.
[[0;32m  OK  [0m] Reached target Local Encrypted Volumes.
[[0;32m  OK  [0m] Found device /dev/ttyS0.
[[0;32m  OK  [0m] Listening on Load/Save RF Kill Switch Status /dev/rfkill Watch.
[[0;32m  OK  [0m] Started AppArmor initialization.
         Starting Load AppArmor profiles managed internally by snapd...
         Mounting Arbitrary Executable File Formats File System...
[[0;32m  OK  [0m] Mounted Arbitrary Executable File Formats File System.
[[0;32m  OK  [0m] Started Load AppArmor profiles managed internally by snapd.
[[0;32m  OK  [0m] Started Flush Journal to Persistent Storage.
         Starting Create Volatile Files and Directories...
[[0;32m  OK  [0m] Started Create Volatile Files and Directories.
         Starting Update UTMP about System Boot/Shutdown...
         Starting Initial cloud-init job (pre-networking)...
[[0;32m  OK  [0m] Started Update UTMP about System Boot/Shutdown.
[   48.870050] cloud-init[590]: Cloud-init v. 23.1.2-0ubuntu0~18.04.1 running 'init-local' at Thu, 20 Jul 2023 20:38:38 +0000. Up 48.09 seconds.
[[0;32m  OK  [0m] Started Initial cloud-init job (pre-networking).
[[0;32m  OK  [0m] Reached target Network (Pre).
         Starting Network Service...
[[0;32m  OK  [0m] Started Network Service.
         Starting Wait for Network to be Configured...
         Starting Network Name Resolution...
[[0;32m  OK  [0m] Started Network Name Resolution.
[[0;32m  OK  [0m] Reached target Host and Network Name Lookups.
[[0;32m  OK  [0m] Reached target Network.
[[0;32m  OK  [0m] Started Wait for Network to be Configured.
         Starting Initial cloud-init job (metadata service crawler)...
[   52.153215] cloud-init[691]: Cloud-init v. 23.1.2-0ubuntu0~18.04.1 running 'init' at Thu, 20 Jul 2023 20:38:42 +0000. Up 51.52 seconds.
[   52.155638] cloud-init[691]: ci-info: ++++++++++++++++++++++++++++++++++++++++++++Net device info+++++++++++++++++++++++++++++++++++++++++++++
[   52.157825] cloud-init[691]: ci-info: +--------+------+-----------------------------------------+---------------+--------+-------------------+
[   52.159793] cloud-init[691]: ci-info: | Device |  Up  |                 Address                 |      Mask     | Scope  |     Hw-Address    |
[   52.161824] cloud-init[691]: ci-info: +--------+------+-----------------------------------------+---------------+--------+-------------------+
[   52.163844] cloud-init[691]: ci-info: | enp0s3 | True |                10.0.2.15                | 255.255.255.0 | global | 02:3b:7b:b7:3b:2d |
[   52.165715] cloud-init[691]: ci-info: | enp0s3 | True |        fe80::3b:7bff:feb7:3b2d/64       |       .       |  link  | 02:3b:7b:b7:3b:2d |
[   52.168245] cloud-init[691]: ci-info: | enp0s8 | True |              192.168.15.34              | 255.255.255.0 | global | 08:00:27:00:04:70 |
[   52.170697] cloud-init[691]: ci-info: | enp0s8 | True | 2804:1b3:a641:7455:a00:27ff:fe00:470/64 |       .       | global | 08:00:27:00:04:70 |
[   52.173203] cloud-init[691]: ci-info: | enp0s8 | True |        fe80::a00:27ff:fe00:470/64       |       .       |  link  | 08:00:27:00:04:70 |
[   52.175401] cloud-init[691]: ci-info: |   lo   | True |                127.0.0.1                |   255.0.0.0   |  host  |         .         |
[   52.188246] cloud-init[691]: ci-info: |   lo   | True |                 ::1/128                 |       .       |  host  |         .         |
[   52.190653] cloud-init[691]: ci-info: +--------+------+-----------------------------------------+---------------+--------+-------------------+
[   52.192726] cloud-init[691]: ci-info: +++++++++++++++++++++++++++++++Route IPv4 info+++++++++++++++++++++++++++++++
[   52.194343] cloud-init[691]: ci-info: +-------+--------------+--------------+-----------------+-----------+-------+
[   52.195943] cloud-init[691]: ci-info: | Route | Destination  |   Gateway    |     Genmask     | Interface | Flags |
[   52.197544] cloud-init[691]: ci-info: +-------+--------------+--------------+-----------------+-----------+-------+
[   52.199062] cloud-init[691]: ci-info: |   0   |   0.0.0.0    |   10.0.2.2   |     0.0.0.0     |   enp0s3  |   UG  |
[   52.200759] cloud-init[691]: ci-info: |   1   |   0.0.0.0    | 192.168.15.1 |     0.0.0.0     |   enp0s8  |   UG  |
[   52.202546] cloud-init[691]: ci-info: |   2   |   10.0.2.0   |   0.0.0.0    |  255.255.255.0  |   enp0s3  |   U   |
[   52.204623] cloud-init[691]: ci-info: |   3   |   10.0.2.2   |   0.0.0.0    | 255.255.255.255 |   enp0s3  |   UH  |
[   52.206934] cloud-init[691]: ci-info: |   4   | 192.168.15.0 |   0.0.0.0    |  255.255.255.0  |   enp0s8  |   U   |
[   52.209106] cloud-init[691]: ci-info: |   5   | 192.168.15.1 |   0.0.0.0    | 255.255.255.255 |   enp0s8  |   UH  |
[   52.211118] cloud-init[691]: ci-info: +-------+--------------+--------------+-----------------+-----------+-------+
[   52.213243] cloud-init[691]: ci-info: ++++++++++++++++++++++++++++++++++Route IPv6 info++++++++++++++++++++++++++++++++++
[   52.214709] cloud-init[691]: ci-info: +-------+-------------------------+---------------------------+-----------+-------+
[   52.216454] cloud-init[691]: ci-info: | Route |       Destination       |          Gateway          | Interface | Flags |
[   52.218294] cloud-init[691]: ci-info: +-------+-------------------------+---------------------------+-----------+-------+
[   52.232324] cloud-init[691]: ci-info: |   1   | 2804:1b3:a641:7455::/64 |             ::            |   enp0s8  |   U   |
[   52.234454] cloud-init[691]: ci-info: |   2   | 2804:1b3:a641:7455::/64 | fe80::1272:23ff:fea5:ac75 |   enp0s8  |   UG  |
[   52.236459] cloud-init[691]: ci-info: |   3   |        fe80::/64        |             ::            |   enp0s8  |   U   |
[   52.238597] cloud-init[691]: ci-info: |   4   |        fe80::/64        |             ::            |   enp0s3  |   U   |
[   52.240517] cloud-init[691]: ci-info: |   5   |           ::/0          | fe80::1272:23ff:fea5:ac75 |   enp0s8  |   UG  |
[   52.242077] cloud-init[691]: ci-info: |   7   |          local          |             ::            |   enp0s3  |   U   |
[   52.244101] cloud-init[691]: ci-info: |   8   |          local          |             ::            |   enp0s8  |   U   |
[   52.246021] cloud-init[691]: ci-info: |   9   |         ff00::/8        |             ::            |   enp0s8  |   U   |
[   52.248038] cloud-init[691]: ci-info: |   10  |         ff00::/8        |             ::            |   enp0s3  |   U   |
[   52.250299] cloud-init[691]: ci-info: +-------+-------------------------+---------------------------+-----------+-------+
[[0;32m  OK  [0m] Started Initial cloud-init job (metadata service crawler).
[[0;32m  OK  [0m] Reached target Network is Online.
[[0;32m  OK  [0m] Reached target Remote File Systems (Pre).
         Starting Availability of block devices...
         Mounting /vagrant...
[[0;32m  OK  [0m] Reached target System Initialization.
[[0;32m  OK  [0m] Listening on UUID daemon activation socket.
[[0;32m  OK  [0m] Listening on Open-iSCSI iscsid Socket.
[[0;32m  OK  [0m] Started Daily Cleanup of Temporary Directories.
[[0;32m  OK  [0m] Started Discard unused blocks once a week.
         Starting Socket activation for snappy daemon.
[[0;32m  OK  [0m] Listening on cloud-init hotplug hook socket.
         Starting LXD - unix socket.
[[0;32m  OK  [0m] Started ACPI Events Check.
[[0;32m  OK  [0m] Reached target Paths.
[[0;32m  OK  [0m] Started Daily apt download activities.
[[0;32m  OK  [0m] Started Message of the Day.
[[0;32m  OK  [0m] Started Ubuntu Advantage Timer for running repeated jobs.
[[0;32m  OK  [0m] Started Daily apt upgrade and clean activities.
[[0;32m  OK  [0m] Listening on ACPID Listen Socket.
[[0;32m  OK  [0m] Reached target Timers.
[[0;32m  OK  [0m] Listening on D-Bus System Message Bus Socket.
[[0;32m  OK  [0m] Reached target Cloud-config availability.
[[0;32m  OK  [0m] Listening on Socket activation for snappy daemon.
[[0;32m  OK  [0m] Listening on LXD - unix socket.
[[0;32m  OK  [0m] Reached target Sockets.
[[0;32m  OK  [0m] Reached target Basic System.
         Starting Virtualbox guest utils...
         Starting LXD - container startup/shutdown...
[[0;32m  OK  [0m] Reached target Login Prompts (Pre).
         Starting Login Service...
[[0;32m  OK  [0m] Started D-Bus System Message Bus.
         Starting vsftpd FTP server...
         Starting System Logging Service...
[[0;32m  OK  [0m] Started Deferred execution scheduler.
         Starting Accounts Service...
[[0;32m  OK  [0m] Started Regular background program processing daemon.
         Starting LSB: Record successful boot for GRUB...
         Starting Dispatcher daemon for systemd-networkd...
[[0;32m  OK  [0m] Started FUSE filesystem for LXC.
         Starting OpenBSD Secure Shell server...
[[0;32m  OK  [0m] Started irqbalance daemon.
         Starting Snap Daemon...
[[0;32m  OK  [0m] Started Availability of block devices.
[[0;32m  OK  [0m] Mounted /vagrant.
[[0;32m  OK  [0m] Started vsftpd FTP server.
[[0;32m  OK  [0m] Started Login Service.
[[0;32m  OK  [0m] Started Unattended Upgrades Shutdown.
[[0;32m  OK  [0m] Reached target Remote File Systems.
         Starting LSB: automatic crash report generation...
         Starting Permit User Sessions...
[[0;32m  OK  [0m] Started Permit User Sessions.
         Starting Hold until boot process finishes up...
         Starting Terminate Plymouth Boot Screen...
[[0;32m  OK  [0m] Started Hold until boot process finishes up.
[[0;32m  OK  [0m] Started Serial Getty on ttyS0.
         Starting Set console scheme...
[[0;32m  OK  [0m] Started Terminate Plymouth Boot Screen.
[[0;32m  OK  [0m] Started Set console scheme.
[[0;32m  OK  [0m] Created slice system-getty.slice.
[[0;32m  OK  [0m] Started Getty on tty1.
[[0;32m  OK  [0m] Reached target Login Prompts.
[[0;32m  OK  [0m] Started LSB: Record successful boot for GRUB.
[[0;32m  OK  [0m] Started LSB: automatic crash report generation.
[[0;32m  OK  [0m] Started System Logging Service.

Ubuntu 18.04.6 LTS VM2 ttyS0

VM2 login: [   79.031429] cloud-init[1496]: Cloud-init v. 23.1.2-0ubuntu0~18.04.1 running 'modules:config' at Thu, 20 Jul 2023 20:39:09 +0000. Up 78.65 seconds.
[   80.198808] cloud-init[1541]: Cloud-init v. 23.1.2-0ubuntu0~18.04.1 running 'modules:final' at Thu, 20 Jul 2023 20:39:10 +0000. Up 79.96 seconds.
[   80.198987] cloud-init[1541]: Cloud-init v. 23.1.2-0ubuntu0~18.04.1 finished at Thu, 20 Jul 2023 20:39:10 +0000. Datasource DataSourceNoCloud [seed=/dev/sdb][dsmode=net].  Up 80.17 seconds
[[0;32m  OK  [0m] Closed Load/Save RF Kill Switch Status /dev/rfkill Watch.
[[0;32m  OK  [0m] Stopped target Cloud-init target.
         Stopping User Manager for UID 1000...
[[0;32m  OK  [0m] Stopped target Timers.
[[0;32m  OK  [0m] Stopped target Graphical Interface.
         Stopping Accounts Service...
         Stopping Authorization Manager...
         Stopping Session 6 of user vagrant.
[[0;32m  OK  [0m] Stopped Daily Cleanup of Temporary Directories.
[[0;32m  OK  [0m] Stopped target Host and Network Name Lookups.
[[0;32m  OK  [0m] Stopped Execute cloud user/final scripts.
[[0;32m  OK  [0m] Stopped Apply the settings specified in cloud-config.
[[0;32m  OK  [0m] Stopped target Cloud-config availability.
[[0;32m  OK  [0m] Stopped target Multi-User System.
         Stopping Deferred execution scheduler...
[[0;32m  OK  [0m] Stopped Wait until snapd is fully seeded.
         Stopping Regular background program processing daemon...
         Stopping LXD - container startup/shutdown...
         Stopping D-Bus System Message Bus...
         Stopping OpenBSD Secure Shell server...
         Stopping System Logging Service...
         Stopping Dispatcher daemon for systemd-networkd...
         Stopping irqbalance daemon...
         Stopping FUSE filesystem for LXC...
         Stopping Virtualbox guest utils...
         Stopping LSB: automatic crash report generation...
         Stopping LSB: Record successful boot for GRUB...
[[0;32m  OK  [0m] Stopped Discard unused blocks once a week.
         Stopping Availability of block devices...
[[0;32m  OK  [0m] Stopped Daily apt upgrade and clean activities.
[[0;32m  OK  [0m] Stopped Ubuntu Advantage Timer for running repeated jobs.
[[0;32m  OK  [0m] Stopped Message of the Day.
[[0;32m  OK  [0m] Stopped target Login Prompts.
         Stopping Getty on tty1...
         Stopping Serial Getty on ttyS0...
[[0;32m  OK  [0m] Stopped Daily apt download activities.
[[0;32m  OK  [0m] Stopped target System Time Synchronized.
[[0;32m  OK  [0m] Unmounted /var/lib/lxcfs.
[[0;32m  OK  [0m] Stopped System Logging Service.
[[0;32m  OK  [0m] Stopped Deferred execution scheduler.
[[0;32m  OK  [0m] Stopped Accounts Service.
[[0;32m  OK  [0m] Stopped Regular background program processing daemon.
[[0;32m  OK  [0m] Stopped Dispatcher daemon for systemd-networkd.
[[0;32m  OK  [0m] Stopped irqbalance daemon.
[[0;32m  OK  [0m] Stopped Serial Getty on ttyS0.
[[0;32m  OK  [0m] Stopped Getty on tty1.
[[0;32m  OK  [0m] Stopped Authorization Manager.
[[0;32m  OK  [0m] Stopped OpenBSD Secure Shell server.
[[0;32m  OK  [0m] Stopped User Manager for UID 1000.
[[0;32m  OK  [0m] Stopped D-Bus System Message Bus.
[[0;32m  OK  [0m] Stopped FUSE filesystem for LXC.
[[0;32m  OK  [0m] Stopped Session 6 of user vagrant.
[[0;32m  OK  [0m] Stopped Availability of block devices.
[[0;32m  OK  [0m] Removed slice User Slice of vagrant.
         Stopping Login Service...
[[0;32m  OK  [0m] Removed slice system-getty.slice.
[[0;32m  OK  [0m] Stopped target Login Prompts (Pre).
[[0;32m  OK  [0m] Removed slice system-serial\x2dgetty.slice.
         Stopping Permit User Sessions...
[[0;32m  OK  [0m] Stopped LXD - container startup/shutdown.
[[0;32m  OK  [0m] Stopped LSB: Record successful boot for GRUB.
[[0;32m  OK  [0m] Stopped Permit User Sessions.
[[0;32m  OK  [0m] Stopped LSB: automatic crash report generation.
[[0;32m  OK  [0m] Stopped target Remote File Systems.
         Unmounting /vagrant...
[[0;32m  OK  [0m] Stopped Login Service.
[[0;32m  OK  [0m] Stopped target User and Group Name Lookups.
[[0;32m  OK  [0m] Stopped Virtualbox guest utils.
[[0;32m  OK  [0m] Stopped target Basic System.
[[0;32m  OK  [0m] Stopped target Slices.
[[0;32m  OK  [0m] Removed slice User and Session Slice.
[[0;32m  OK  [0m] Stopped target Paths.
[[0;32m  OK  [0m] Stopped ACPI Events Check.
[[0;32m  OK  [0m] Stopped target Sockets.
[[0;32m  OK  [0m] Closed Socket activation for snappy daemon.
[[0;32m  OK  [0m] Closed Syslog Socket.
[[0;32m  OK  [0m] Closed LXD - unix socket.
[[0;32m  OK  [0m] Closed UUID daemon activation socket.
[[0;32m  OK  [0m] Closed Open-iSCSI iscsid Socket.
[[0;32m  OK  [0m] Closed cloud-init hotplug hook socket.
[[0;32m  OK  [0m] Closed ACPID Listen Socket.
[[0;32m  OK  [0m] Closed D-Bus System Message Bus Socket.
[[0;32m  OK  [0m] Stopped target System Initialization.
[[0;32m  OK  [0m] Stopped target Local Encrypted Volumes.
[[0;32m  OK  [0m] Stopped Forward Password Requests to Wall Directory Watch.
[[0;32m  OK  [0m] Stopped Dispatch Password Requests to Console Directory Watch.
         Stopping Update UTMP about System Boot/Shutdown...
         Stopping Load/Save Random Seed...
[[0;32m  OK  [0m] Stopped Update UTMP about System Boot/Shutdown.
[[0;32m  OK  [0m] Stopped Load/Save Random Seed.
[[0;32m  OK  [0m] Unmounted /vagrant.
[[0;32m  OK  [0m] Stopped target Remote File Systems (Pre).
[[0;32m  OK  [0m] Stopped target Network is Online.
[[0;32m  OK  [0m] Stopped Initial cloud-init job (metadata service crawler).
[[0;32m  OK  [0m] Stopped target Network.
         Stopping Network Name Resolution...
[[0;32m  OK  [0m] Stopped Network Name Resolution.
[[0;32m  OK  [0m] Stopped Create Volatile Files and Directories.
[[0;32m  OK  [0m] Stopped target Local File Systems.
[[0;32m  OK  [0m] Stopped target Mounted snaps.
[[0;32m  OK  [0m] Stopped target Mounting snaps.
         Unmounting /run/user/1000...
         Stopping Network Service...
[[0;32m  OK  [0m] Unmounted /run/user/1000.
[[0;32m  OK  [0m] Stopped Network Service.
[[0;32m  OK  [0m] Stopped target Network (Pre).
[[0;32m  OK  [0m] Stopped Initial cloud-init job (pre-networking).
[[0;32m  OK  [0m] Stopped Apply Kernel Variables.
[[0;32m  OK  [0m] Stopped Load Kernel Modules.
[[0;32m  OK  [0m] Reached target Unmount All Filesystems.
[[0;32m  OK  [0m] Stopped target Swap.
[[0;32m  OK  [0m] Stopped target Local File Systems (Pre).
[[0;32m  OK  [0m] Stopped Remount Root and Kernel File Systems.
         Stopping Monitoring of LVM2 mirrors…ng dmeventd or progress polling...
[[0;32m  OK  [0m] Stopped Create Static Device Nodes in /dev.
[[0;32m  OK  [0m] Reached target Shutdown.
[[0;32m  OK  [0m] Reached target Final Step.
         Starting Power-Off...
[  252.882896] reboot: Power down
